{"C:\\Users\\ivanc\\OneDrive\\Documents\\careerfoundry\\FULL-STACK-CLASS\\meet\\src\\App.jsx": {"path":"C:\\Users\\ivanc\\OneDrive\\Documents\\careerfoundry\\FULL-STACK-CLASS\\meet\\src\\App.jsx","statementMap":{"0":{"start":{"line":12,"column":10},"end":{"line":20,"column":3}},"1":{"start":{"line":23,"column":4},"end":{"line":23,"column":21}},"2":{"start":{"line":24,"column":4},"end":{"line":24,"column":62}},"3":{"start":{"line":28,"column":4},"end":{"line":28,"column":65}},"4":{"start":{"line":31,"column":22},"end":{"line":38,"column":3}},"5":{"start":{"line":32,"column":4},"end":{"line":36,"column":5}},"6":{"start":{"line":33,"column":6},"end":{"line":33,"column":42}},"7":{"start":{"line":35,"column":6},"end":{"line":35,"column":115}},"8":{"start":{"line":37,"column":4},"end":{"line":37,"column":21}},"9":{"start":{"line":40,"column":14},"end":{"line":56,"column":3}},"10":{"start":{"line":41,"column":22},"end":{"line":41,"column":39}},"11":{"start":{"line":43,"column":6},"end":{"line":45,"column":80}},"12":{"start":{"line":45,"column":38},"end":{"line":45,"column":79}},"13":{"start":{"line":46,"column":4},"end":{"line":49,"column":7}},"14":{"start":{"line":51,"column":4},"end":{"line":55,"column":5}},"15":{"start":{"line":52,"column":6},"end":{"line":52,"column":115}},"16":{"start":{"line":54,"column":6},"end":{"line":54,"column":42}},"17":{"start":{"line":58,"column":19},"end":{"line":60,"column":3}},"18":{"start":{"line":59,"column":4},"end":{"line":59,"column":57}},"19":{"start":{"line":62,"column":18},"end":{"line":64,"column":3}},"20":{"start":{"line":63,"column":4},"end":{"line":63,"column":58}},"21":{"start":{"line":67,"column":83},"end":{"line":67,"column":93}},"22":{"start":{"line":68,"column":4},"end":{"line":94,"column":6}},"23":{"start":{"line":79,"column":36},"end":{"line":79,"column":70}},"24":{"start":{"line":83,"column":37},"end":{"line":83,"column":72}}},"fnMap":{"0":{"name":"(anonymous_0)","decl":{"start":{"line":22,"column":2},"end":{"line":22,"column":3}},"loc":{"start":{"line":22,"column":22},"end":{"line":25,"column":3}},"line":22},"1":{"name":"(anonymous_1)","decl":{"start":{"line":27,"column":2},"end":{"line":27,"column":3}},"loc":{"start":{"line":27,"column":25},"end":{"line":29,"column":3}},"line":27},"2":{"name":"(anonymous_2)","decl":{"start":{"line":31,"column":22},"end":{"line":31,"column":23}},"loc":{"start":{"line":31,"column":28},"end":{"line":38,"column":3}},"line":31},"3":{"name":"(anonymous_3)","decl":{"start":{"line":40,"column":14},"end":{"line":40,"column":15}},"loc":{"start":{"line":40,"column":26},"end":{"line":56,"column":3}},"line":40},"4":{"name":"(anonymous_4)","decl":{"start":{"line":45,"column":27},"end":{"line":45,"column":28}},"loc":{"start":{"line":45,"column":38},"end":{"line":45,"column":79}},"line":45},"5":{"name":"(anonymous_5)","decl":{"start":{"line":58,"column":19},"end":{"line":58,"column":20}},"loc":{"start":{"line":58,"column":29},"end":{"line":60,"column":3}},"line":58},"6":{"name":"(anonymous_6)","decl":{"start":{"line":62,"column":18},"end":{"line":62,"column":19}},"loc":{"start":{"line":62,"column":30},"end":{"line":64,"column":3}},"line":62},"7":{"name":"(anonymous_7)","decl":{"start":{"line":66,"column":2},"end":{"line":66,"column":3}},"loc":{"start":{"line":66,"column":11},"end":{"line":95,"column":3}},"line":66},"8":{"name":"(anonymous_8)","decl":{"start":{"line":79,"column":26},"end":{"line":79,"column":27}},"loc":{"start":{"line":79,"column":36},"end":{"line":79,"column":70}},"line":79},"9":{"name":"(anonymous_9)","decl":{"start":{"line":83,"column":27},"end":{"line":83,"column":28}},"loc":{"start":{"line":83,"column":37},"end":{"line":83,"column":72}},"line":83}},"branchMap":{"0":{"loc":{"start":{"line":32,"column":4},"end":{"line":36,"column":5}},"type":"if","locations":[{"start":{"line":32,"column":4},"end":{"line":36,"column":5}},{"start":{"line":34,"column":11},"end":{"line":36,"column":5}}],"line":32},"1":{"loc":{"start":{"line":43,"column":6},"end":{"line":45,"column":80}},"type":"cond-expr","locations":[{"start":{"line":44,"column":10},"end":{"line":44,"column":19}},{"start":{"line":45,"column":10},"end":{"line":45,"column":80}}],"line":43},"2":{"loc":{"start":{"line":51,"column":4},"end":{"line":55,"column":5}},"type":"if","locations":[{"start":{"line":51,"column":4},"end":{"line":55,"column":5}},{"start":{"line":53,"column":11},"end":{"line":55,"column":5}}],"line":51},"3":{"loc":{"start":{"line":71,"column":9},"end":{"line":71,"column":52}},"type":"binary-expr","locations":[{"start":{"line":71,"column":9},"end":{"line":71,"column":18}},{"start":{"line":71,"column":22},"end":{"line":71,"column":52}}],"line":71},"4":{"loc":{"start":{"line":72,"column":9},"end":{"line":72,"column":55}},"type":"binary-expr","locations":[{"start":{"line":72,"column":9},"end":{"line":72,"column":19}},{"start":{"line":72,"column":23},"end":{"line":72,"column":55}}],"line":72},"5":{"loc":{"start":{"line":73,"column":9},"end":{"line":73,"column":61}},"type":"binary-expr","locations":[{"start":{"line":73,"column":9},"end":{"line":73,"column":21}},{"start":{"line":73,"column":25},"end":{"line":73,"column":61}}],"line":73}},"s":{"0":10,"1":10,"2":10,"3":10,"4":10,"5":0,"6":0,"7":0,"8":0,"9":10,"10":15,"11":15,"12":32,"13":15,"14":15,"15":0,"16":15,"17":10,"18":1,"19":10,"20":4,"21":35,"22":35,"23":7,"24":6},"f":{"0":10,"1":10,"2":0,"3":15,"4":32,"5":1,"6":4,"7":35,"8":7,"9":6},"b":{"0":[0,0],"1":[14,1],"2":[0,15],"3":[35,0],"4":[35,4],"5":[35,0]},"_coverageSchema":"1a1c01bbd47fc00a2c39e90264f33305004495a9","hash":"bf08aba6b1c26db17a317aa243d2d1ece9ec897f"}
,"C:\\Users\\ivanc\\OneDrive\\Documents\\careerfoundry\\FULL-STACK-CLASS\\meet\\src\\api.js": {"path":"C:\\Users\\ivanc\\OneDrive\\Documents\\careerfoundry\\FULL-STACK-CLASS\\meet\\src\\api.js","statementMap":{"0":{"start":{"line":3,"column":20},"end":{"line":8,"column":1}},"1":{"start":{"line":4,"column":2},"end":{"line":7,"column":3}},"2":{"start":{"line":5,"column":19},"end":{"line":5,"column":100}},"3":{"start":{"line":6,"column":4},"end":{"line":6,"column":45}},"4":{"start":{"line":10,"column":17},"end":{"line":28,"column":1}},"5":{"start":{"line":11,"column":2},"end":{"line":27,"column":3}},"6":{"start":{"line":12,"column":23},"end":{"line":12,"column":47}},"7":{"start":{"line":13,"column":21},"end":{"line":15,"column":5}},"8":{"start":{"line":16,"column":4},"end":{"line":18,"column":5}},"9":{"start":{"line":17,"column":6},"end":{"line":17,"column":64}},"10":{"start":{"line":19,"column":29},"end":{"line":19,"column":50}},"11":{"start":{"line":20,"column":4},"end":{"line":22,"column":5}},"12":{"start":{"line":21,"column":6},"end":{"line":21,"column":57}},"13":{"start":{"line":23,"column":4},"end":{"line":23,"column":24}},"14":{"start":{"line":25,"column":4},"end":{"line":25,"column":49}},"15":{"start":{"line":26,"column":4},"end":{"line":26,"column":16}},"16":{"start":{"line":30,"column":19},"end":{"line":44,"column":1}},"17":{"start":{"line":31,"column":2},"end":{"line":43,"column":3}},"18":{"start":{"line":32,"column":21},"end":{"line":34,"column":5}},"19":{"start":{"line":35,"column":4},"end":{"line":37,"column":5}},"20":{"start":{"line":36,"column":8},"end":{"line":36,"column":66}},"21":{"start":{"line":38,"column":19},"end":{"line":38,"column":40}},"22":{"start":{"line":39,"column":4},"end":{"line":39,"column":18}},"23":{"start":{"line":41,"column":6},"end":{"line":41,"column":53}},"24":{"start":{"line":42,"column":6},"end":{"line":42,"column":51}},"25":{"start":{"line":46,"column":30},"end":{"line":69,"column":1}},"26":{"start":{"line":47,"column":22},"end":{"line":47,"column":58}},"27":{"start":{"line":48,"column":21},"end":{"line":48,"column":94}},"28":{"start":{"line":50,"column":2},"end":{"line":67,"column":3}},"29":{"start":{"line":51,"column":4},"end":{"line":51,"column":50}},"30":{"start":{"line":52,"column":25},"end":{"line":52,"column":68}},"31":{"start":{"line":53,"column":17},"end":{"line":53,"column":41}},"32":{"start":{"line":54,"column":4},"end":{"line":65,"column":5}},"33":{"start":{"line":55,"column":6},"end":{"line":64,"column":7}},"34":{"start":{"line":56,"column":25},"end":{"line":56,"column":115}},"35":{"start":{"line":57,"column":23},"end":{"line":57,"column":44}},"36":{"start":{"line":58,"column":28},"end":{"line":58,"column":34}},"37":{"start":{"line":59,"column":8},"end":{"line":59,"column":39}},"38":{"start":{"line":60,"column":8},"end":{"line":60,"column":20}},"39":{"start":{"line":62,"column":8},"end":{"line":62,"column":58}},"40":{"start":{"line":63,"column":8},"end":{"line":63,"column":20}},"41":{"start":{"line":66,"column":4},"end":{"line":66,"column":40}},"42":{"start":{"line":68,"column":2},"end":{"line":68,"column":21}},"43":{"start":{"line":71,"column":25},"end":{"line":97,"column":1}},"44":{"start":{"line":73,"column":2},"end":{"line":75,"column":3}},"45":{"start":{"line":74,"column":4},"end":{"line":74,"column":20}},"46":{"start":{"line":78,"column":2},"end":{"line":81,"column":3}},"47":{"start":{"line":79,"column":19},"end":{"line":79,"column":53}},"48":{"start":{"line":80,"column":4},"end":{"line":80,"column":44}},"49":{"start":{"line":83,"column":16},"end":{"line":83,"column":38}},"50":{"start":{"line":85,"column":2},"end":{"line":95,"column":3}},"51":{"start":{"line":86,"column":4},"end":{"line":86,"column":18}},"52":{"start":{"line":87,"column":16},"end":{"line":87,"column":109}},"53":{"start":{"line":88,"column":21},"end":{"line":88,"column":37}},"54":{"start":{"line":89,"column":19},"end":{"line":89,"column":40}},"55":{"start":{"line":90,"column":4},"end":{"line":94,"column":23}},"56":{"start":{"line":92,"column":6},"end":{"line":92,"column":72}},"57":{"start":{"line":93,"column":6},"end":{"line":93,"column":27}},"58":{"start":{"line":94,"column":11},"end":{"line":94,"column":23}},"59":{"start":{"line":96,"column":2},"end":{"line":96,"column":14}},"60":{"start":{"line":99,"column":32},"end":{"line":104,"column":1}},"61":{"start":{"line":100,"column":2},"end":{"line":100,"column":48}},"62":{"start":{"line":100,"column":38},"end":{"line":100,"column":48}},"63":{"start":{"line":101,"column":29},"end":{"line":101,"column":66}},"64":{"start":{"line":101,"column":51},"end":{"line":101,"column":65}},"65":{"start":{"line":102,"column":20},"end":{"line":102,"column":52}},"66":{"start":{"line":103,"column":2},"end":{"line":103,"column":19}}},"fnMap":{"0":{"name":"(anonymous_0)","decl":{"start":{"line":3,"column":20},"end":{"line":3,"column":21}},"loc":{"start":{"line":3,"column":26},"end":{"line":8,"column":1}},"line":3},"1":{"name":"(anonymous_1)","decl":{"start":{"line":10,"column":17},"end":{"line":10,"column":18}},"loc":{"start":{"line":10,"column":33},"end":{"line":28,"column":1}},"line":10},"2":{"name":"(anonymous_2)","decl":{"start":{"line":30,"column":19},"end":{"line":30,"column":20}},"loc":{"start":{"line":30,"column":42},"end":{"line":44,"column":1}},"line":30},"3":{"name":"(anonymous_3)","decl":{"start":{"line":46,"column":30},"end":{"line":46,"column":31}},"loc":{"start":{"line":46,"column":42},"end":{"line":69,"column":1}},"line":46},"4":{"name":"(anonymous_4)","decl":{"start":{"line":71,"column":25},"end":{"line":71,"column":26}},"loc":{"start":{"line":71,"column":37},"end":{"line":97,"column":1}},"line":71},"5":{"name":"(anonymous_5)","decl":{"start":{"line":99,"column":32},"end":{"line":99,"column":33}},"loc":{"start":{"line":99,"column":44},"end":{"line":104,"column":1}},"line":99},"6":{"name":"(anonymous_6)","decl":{"start":{"line":101,"column":40},"end":{"line":101,"column":41}},"loc":{"start":{"line":101,"column":51},"end":{"line":101,"column":65}},"line":101}},"branchMap":{"0":{"loc":{"start":{"line":4,"column":2},"end":{"line":7,"column":3}},"type":"if","locations":[{"start":{"line":4,"column":2},"end":{"line":7,"column":3}},{"start":{},"end":{}}],"line":4},"1":{"loc":{"start":{"line":4,"column":6},"end":{"line":4,"column":58}},"type":"binary-expr","locations":[{"start":{"line":4,"column":6},"end":{"line":4,"column":30}},{"start":{"line":4,"column":34},"end":{"line":4,"column":58}}],"line":4},"2":{"loc":{"start":{"line":16,"column":4},"end":{"line":18,"column":5}},"type":"if","locations":[{"start":{"line":16,"column":4},"end":{"line":18,"column":5}},{"start":{},"end":{}}],"line":16},"3":{"loc":{"start":{"line":20,"column":4},"end":{"line":22,"column":5}},"type":"if","locations":[{"start":{"line":20,"column":4},"end":{"line":22,"column":5}},{"start":{},"end":{}}],"line":20},"4":{"loc":{"start":{"line":35,"column":4},"end":{"line":37,"column":5}},"type":"if","locations":[{"start":{"line":35,"column":4},"end":{"line":37,"column":5}},{"start":{},"end":{}}],"line":35},"5":{"loc":{"start":{"line":48,"column":21},"end":{"line":48,"column":94}},"type":"cond-expr","locations":[{"start":{"line":48,"column":35},"end":{"line":48,"column":64}},{"start":{"line":48,"column":67},"end":{"line":48,"column":94}}],"line":48},"6":{"loc":{"start":{"line":50,"column":2},"end":{"line":67,"column":3}},"type":"if","locations":[{"start":{"line":50,"column":2},"end":{"line":67,"column":3}},{"start":{},"end":{}}],"line":50},"7":{"loc":{"start":{"line":50,"column":6},"end":{"line":50,"column":38}},"type":"binary-expr","locations":[{"start":{"line":50,"column":6},"end":{"line":50,"column":18}},{"start":{"line":50,"column":22},"end":{"line":50,"column":38}}],"line":50},"8":{"loc":{"start":{"line":54,"column":4},"end":{"line":65,"column":5}},"type":"if","locations":[{"start":{"line":54,"column":4},"end":{"line":65,"column":5}},{"start":{},"end":{}}],"line":54},"9":{"loc":{"start":{"line":66,"column":11},"end":{"line":66,"column":39}},"type":"cond-expr","locations":[{"start":{"line":66,"column":18},"end":{"line":66,"column":32}},{"start":{"line":66,"column":35},"end":{"line":66,"column":39}}],"line":66},"10":{"loc":{"start":{"line":73,"column":2},"end":{"line":75,"column":3}},"type":"if","locations":[{"start":{"line":73,"column":2},"end":{"line":75,"column":3}},{"start":{},"end":{}}],"line":73},"11":{"loc":{"start":{"line":78,"column":2},"end":{"line":81,"column":3}},"type":"if","locations":[{"start":{"line":78,"column":2},"end":{"line":81,"column":3}},{"start":{},"end":{}}],"line":78},"12":{"loc":{"start":{"line":80,"column":11},"end":{"line":80,"column":43}},"type":"cond-expr","locations":[{"start":{"line":80,"column":20},"end":{"line":80,"column":38}},{"start":{"line":80,"column":41},"end":{"line":80,"column":43}}],"line":80},"13":{"loc":{"start":{"line":85,"column":2},"end":{"line":95,"column":3}},"type":"if","locations":[{"start":{"line":85,"column":2},"end":{"line":95,"column":3}},{"start":{},"end":{}}],"line":85},"14":{"loc":{"start":{"line":90,"column":4},"end":{"line":94,"column":23}},"type":"if","locations":[{"start":{"line":90,"column":4},"end":{"line":94,"column":23}},{"start":{"line":94,"column":11},"end":{"line":94,"column":23}}],"line":90},"15":{"loc":{"start":{"line":100,"column":2},"end":{"line":100,"column":48}},"type":"if","locations":[{"start":{"line":100,"column":2},"end":{"line":100,"column":48}},{"start":{},"end":{}}],"line":100},"16":{"loc":{"start":{"line":100,"column":6},"end":{"line":100,"column":36}},"type":"binary-expr","locations":[{"start":{"line":100,"column":6},"end":{"line":100,"column":13}},{"start":{"line":100,"column":17},"end":{"line":100,"column":36}}],"line":100}},"s":{"0":5,"1":0,"2":0,"3":0,"4":5,"5":0,"6":0,"7":0,"8":0,"9":0,"10":0,"11":0,"12":0,"13":0,"14":0,"15":0,"16":5,"17":0,"18":0,"19":0,"20":0,"21":0,"22":0,"23":0,"24":0,"25":5,"26":0,"27":0,"28":0,"29":0,"30":0,"31":0,"32":0,"33":0,"34":0,"35":0,"36":0,"37":0,"38":0,"39":0,"40":0,"41":0,"42":0,"43":5,"44":20,"45":20,"46":0,"47":0,"48":0,"49":0,"50":0,"51":0,"52":0,"53":0,"54":0,"55":0,"56":0,"57":0,"58":0,"59":0,"60":5,"61":18,"62":0,"63":18,"64":576,"65":18,"66":18},"f":{"0":0,"1":0,"2":0,"3":0,"4":20,"5":18,"6":576},"b":{"0":[0,0],"1":[0,0],"2":[0,0],"3":[0,0],"4":[0,0],"5":[0,0],"6":[0,0],"7":[0,0],"8":[0,0],"9":[0,0],"10":[20,0],"11":[0,0],"12":[0,0],"13":[0,0],"14":[0,0],"15":[0,18],"16":[18,18]},"_coverageSchema":"1a1c01bbd47fc00a2c39e90264f33305004495a9","hash":"703a077e7f0b1df0d4d604f952b7ef227e776b45"}
,"C:\\Users\\ivanc\\OneDrive\\Documents\\careerfoundry\\FULL-STACK-CLASS\\meet\\src\\mock-data.js": {"path":"C:\\Users\\ivanc\\OneDrive\\Documents\\careerfoundry\\FULL-STACK-CLASS\\meet\\src\\mock-data.js","statementMap":{"0":{"start":{"line":1,"column":17},"end":{"line":59,"column":1}},"1":{"start":{"line":39,"column":45},"end":{"line":58,"column":5}}},"fnMap":{"0":{"name":"(anonymous_0)","decl":{"start":{"line":39,"column":34},"end":{"line":39,"column":35}},"loc":{"start":{"line":39,"column":45},"end":{"line":58,"column":5}},"line":39}},"branchMap":{},"s":{"0":6,"1":180},"f":{"0":180},"b":{},"_coverageSchema":"1a1c01bbd47fc00a2c39e90264f33305004495a9","hash":"3385b953db23e28ffeb657e887acd4d04164788d"}
,"C:\\Users\\ivanc\\OneDrive\\Documents\\careerfoundry\\FULL-STACK-CLASS\\meet\\src\\components\\Alert.jsx": {"path":"C:\\Users\\ivanc\\OneDrive\\Documents\\careerfoundry\\FULL-STACK-CLASS\\meet\\src\\components\\Alert.jsx","statementMap":{"0":{"start":{"line":5,"column":4},"end":{"line":5,"column":17}},"1":{"start":{"line":6,"column":4},"end":{"line":6,"column":22}},"2":{"start":{"line":7,"column":4},"end":{"line":7,"column":24}},"3":{"start":{"line":10,"column":13},"end":{"line":24,"column":3}},"4":{"start":{"line":11,"column":4},"end":{"line":23,"column":6}},"5":{"start":{"line":27,"column":4},"end":{"line":31,"column":6}},"6":{"start":{"line":37,"column":4},"end":{"line":37,"column":17}},"7":{"start":{"line":38,"column":4},"end":{"line":38,"column":34}},"8":{"start":{"line":39,"column":4},"end":{"line":39,"column":40}},"9":{"start":{"line":45,"column":4},"end":{"line":45,"column":17}},"10":{"start":{"line":46,"column":4},"end":{"line":46,"column":34}},"11":{"start":{"line":47,"column":4},"end":{"line":47,"column":40}},"12":{"start":{"line":54,"column":4},"end":{"line":54,"column":17}},"13":{"start":{"line":55,"column":4},"end":{"line":55,"column":36}},"14":{"start":{"line":56,"column":4},"end":{"line":56,"column":40}}},"fnMap":{"0":{"name":"(anonymous_0)","decl":{"start":{"line":4,"column":2},"end":{"line":4,"column":3}},"loc":{"start":{"line":4,"column":21},"end":{"line":8,"column":3}},"line":4},"1":{"name":"(anonymous_1)","decl":{"start":{"line":10,"column":13},"end":{"line":10,"column":14}},"loc":{"start":{"line":10,"column":19},"end":{"line":24,"column":3}},"line":10},"2":{"name":"(anonymous_2)","decl":{"start":{"line":26,"column":2},"end":{"line":26,"column":3}},"loc":{"start":{"line":26,"column":11},"end":{"line":32,"column":3}},"line":26},"3":{"name":"(anonymous_3)","decl":{"start":{"line":36,"column":2},"end":{"line":36,"column":3}},"loc":{"start":{"line":36,"column":21},"end":{"line":40,"column":3}},"line":36},"4":{"name":"(anonymous_4)","decl":{"start":{"line":44,"column":2},"end":{"line":44,"column":3}},"loc":{"start":{"line":44,"column":21},"end":{"line":48,"column":3}},"line":44},"5":{"name":"(anonymous_5)","decl":{"start":{"line":53,"column":2},"end":{"line":53,"column":3}},"loc":{"start":{"line":53,"column":21},"end":{"line":57,"column":3}},"line":53}},"branchMap":{},"s":{"0":2,"1":2,"2":2,"3":2,"4":4,"5":4,"6":0,"7":0,"8":0,"9":2,"10":2,"11":2,"12":0,"13":0,"14":0},"f":{"0":2,"1":4,"2":4,"3":0,"4":2,"5":0},"b":{},"_coverageSchema":"1a1c01bbd47fc00a2c39e90264f33305004495a9","hash":"e80323cb61a1ff196b011224740a972f21386005"}
,"C:\\Users\\ivanc\\OneDrive\\Documents\\careerfoundry\\FULL-STACK-CLASS\\meet\\src\\components\\CityEventsChart.jsx": {"path":"C:\\Users\\ivanc\\OneDrive\\Documents\\careerfoundry\\FULL-STACK-CLASS\\meet\\src\\components\\CityEventsChart.jsx","statementMap":{"0":{"start":{"line":11,"column":24},"end":{"line":57,"column":1}},"1":{"start":{"line":12,"column":26},"end":{"line":12,"column":38}},"2":{"start":{"line":14,"column":2},"end":{"line":25,"column":29}},"3":{"start":{"line":15,"column":20},"end":{"line":22,"column":5}},"4":{"start":{"line":16,"column":19},"end":{"line":20,"column":8}},"5":{"start":{"line":17,"column":22},"end":{"line":17,"column":82}},"6":{"start":{"line":17,"column":47},"end":{"line":17,"column":74}},"7":{"start":{"line":18,"column":21},"end":{"line":18,"column":48}},"8":{"start":{"line":19,"column":8},"end":{"line":19,"column":31}},"9":{"start":{"line":21,"column":6},"end":{"line":21,"column":18}},"10":{"start":{"line":24,"column":4},"end":{"line":24,"column":23}},"11":{"start":{"line":27,"column":2},"end":{"line":56,"column":4}}},"fnMap":{"0":{"name":"(anonymous_0)","decl":{"start":{"line":11,"column":24},"end":{"line":11,"column":25}},"loc":{"start":{"line":11,"column":54},"end":{"line":57,"column":1}},"line":11},"1":{"name":"(anonymous_1)","decl":{"start":{"line":14,"column":12},"end":{"line":14,"column":13}},"loc":{"start":{"line":14,"column":18},"end":{"line":25,"column":3}},"line":14},"2":{"name":"(anonymous_2)","decl":{"start":{"line":15,"column":20},"end":{"line":15,"column":21}},"loc":{"start":{"line":15,"column":26},"end":{"line":22,"column":5}},"line":15},"3":{"name":"(anonymous_3)","decl":{"start":{"line":16,"column":36},"end":{"line":16,"column":37}},"loc":{"start":{"line":16,"column":50},"end":{"line":20,"column":7}},"line":16},"4":{"name":"(anonymous_4)","decl":{"start":{"line":17,"column":36},"end":{"line":17,"column":37}},"loc":{"start":{"line":17,"column":47},"end":{"line":17,"column":74}},"line":17}},"branchMap":{},"s":{"0":5,"1":57,"2":57,"3":22,"4":22,"5":24,"6":554,"7":24,"8":24,"9":22,"10":22,"11":57},"f":{"0":57,"1":22,"2":22,"3":24,"4":554},"b":{},"_coverageSchema":"1a1c01bbd47fc00a2c39e90264f33305004495a9","hash":"d7b9dc794c8172cdb1a3f79695d249d0660807b6"}
,"C:\\Users\\ivanc\\OneDrive\\Documents\\careerfoundry\\FULL-STACK-CLASS\\meet\\src\\components\\CitySearch.jsx": {"path":"C:\\Users\\ivanc\\OneDrive\\Documents\\careerfoundry\\FULL-STACK-CLASS\\meet\\src\\components\\CitySearch.jsx","statementMap":{"0":{"start":{"line":3,"column":23},"end":{"line":64,"column":5}},"1":{"start":{"line":4,"column":52},"end":{"line":4,"column":67}},"2":{"start":{"line":5,"column":32},"end":{"line":5,"column":44}},"3":{"start":{"line":6,"column":44},"end":{"line":6,"column":56}},"4":{"start":{"line":8,"column":6},"end":{"line":10,"column":25}},"5":{"start":{"line":9,"column":8},"end":{"line":9,"column":37}},"6":{"start":{"line":12,"column":33},"end":{"line":28,"column":7}},"7":{"start":{"line":13,"column":22},"end":{"line":13,"column":40}},"8":{"start":{"line":14,"column":34},"end":{"line":16,"column":15}},"9":{"start":{"line":15,"column":10},"end":{"line":15,"column":74}},"10":{"start":{"line":18,"column":8},"end":{"line":18,"column":24}},"11":{"start":{"line":19,"column":8},"end":{"line":19,"column":42}},"12":{"start":{"line":22,"column":8},"end":{"line":26,"column":9}},"13":{"start":{"line":23,"column":10},"end":{"line":23,"column":93}},"14":{"start":{"line":25,"column":10},"end":{"line":25,"column":23}},"15":{"start":{"line":27,"column":8},"end":{"line":27,"column":31}},"16":{"start":{"line":30,"column":32},"end":{"line":36,"column":7}},"17":{"start":{"line":31,"column":22},"end":{"line":31,"column":46}},"18":{"start":{"line":32,"column":8},"end":{"line":32,"column":24}},"19":{"start":{"line":33,"column":8},"end":{"line":33,"column":34}},"20":{"start":{"line":34,"column":8},"end":{"line":34,"column":30}},"21":{"start":{"line":35,"column":8},"end":{"line":35,"column":25}},"22":{"start":{"line":38,"column":6},"end":{"line":63,"column":8}},"23":{"start":{"line":45,"column":27},"end":{"line":45,"column":51}},"24":{"start":{"line":51,"column":16},"end":{"line":55,"column":18}}},"fnMap":{"0":{"name":"(anonymous_0)","decl":{"start":{"line":3,"column":23},"end":{"line":3,"column":24}},"loc":{"start":{"line":3,"column":75},"end":{"line":64,"column":5}},"line":3},"1":{"name":"(anonymous_1)","decl":{"start":{"line":8,"column":16},"end":{"line":8,"column":17}},"loc":{"start":{"line":8,"column":22},"end":{"line":10,"column":7}},"line":8},"2":{"name":"(anonymous_2)","decl":{"start":{"line":12,"column":33},"end":{"line":12,"column":34}},"loc":{"start":{"line":12,"column":44},"end":{"line":28,"column":7}},"line":12},"3":{"name":"(anonymous_3)","decl":{"start":{"line":14,"column":69},"end":{"line":14,"column":70}},"loc":{"start":{"line":14,"column":83},"end":{"line":16,"column":9}},"line":14},"4":{"name":"(anonymous_4)","decl":{"start":{"line":30,"column":32},"end":{"line":30,"column":33}},"loc":{"start":{"line":30,"column":43},"end":{"line":36,"column":7}},"line":30},"5":{"name":"(anonymous_5)","decl":{"start":{"line":45,"column":21},"end":{"line":45,"column":22}},"loc":{"start":{"line":45,"column":27},"end":{"line":45,"column":51}},"line":45},"6":{"name":"(anonymous_6)","decl":{"start":{"line":50,"column":31},"end":{"line":50,"column":32}},"loc":{"start":{"line":50,"column":47},"end":{"line":56,"column":15}},"line":50}},"branchMap":{"0":{"loc":{"start":{"line":14,"column":34},"end":{"line":16,"column":15}},"type":"cond-expr","locations":[{"start":{"line":14,"column":49},"end":{"line":16,"column":10}},{"start":{"line":16,"column":13},"end":{"line":16,"column":15}}],"line":14},"1":{"loc":{"start":{"line":22,"column":8},"end":{"line":26,"column":9}},"type":"if","locations":[{"start":{"line":22,"column":8},"end":{"line":26,"column":9}},{"start":{"line":24,"column":15},"end":{"line":26,"column":9}}],"line":22},"2":{"loc":{"start":{"line":48,"column":11},"end":{"line":61,"column":18}},"type":"cond-expr","locations":[{"start":{"line":49,"column":12},"end":{"line":60,"column":17}},{"start":{"line":61,"column":14},"end":{"line":61,"column":18}}],"line":48}},"s":{"0":5,"1":89,"2":89,"3":89,"4":89,"5":29,"6":89,"7":18,"8":18,"9":36,"10":18,"11":18,"12":18,"13":0,"14":18,"15":18,"16":89,"17":2,"18":2,"19":2,"20":2,"21":2,"22":89,"23":5,"24":26},"f":{"0":89,"1":29,"2":18,"3":36,"4":2,"5":5,"6":26},"b":{"0":[18,0],"1":[0,18],"2":[24,65]},"_coverageSchema":"1a1c01bbd47fc00a2c39e90264f33305004495a9","hash":"0e02f555c7cc624bf520904e684dddf0e085a1cb"}
,"C:\\Users\\ivanc\\OneDrive\\Documents\\careerfoundry\\FULL-STACK-CLASS\\meet\\src\\components\\Event.jsx": {"path":"C:\\Users\\ivanc\\OneDrive\\Documents\\careerfoundry\\FULL-STACK-CLASS\\meet\\src\\components\\Event.jsx","statementMap":{"0":{"start":{"line":3,"column":14},"end":{"line":28,"column":1}},"1":{"start":{"line":4,"column":40},"end":{"line":4,"column":55}},"2":{"start":{"line":6,"column":30},"end":{"line":8,"column":3}},"3":{"start":{"line":7,"column":4},"end":{"line":7,"column":33}},"4":{"start":{"line":10,"column":2},"end":{"line":27,"column":4}}},"fnMap":{"0":{"name":"(anonymous_0)","decl":{"start":{"line":3,"column":14},"end":{"line":3,"column":15}},"loc":{"start":{"line":3,"column":29},"end":{"line":28,"column":1}},"line":3},"1":{"name":"(anonymous_1)","decl":{"start":{"line":6,"column":30},"end":{"line":6,"column":31}},"loc":{"start":{"line":6,"column":36},"end":{"line":8,"column":3}},"line":6}},"branchMap":{"0":{"loc":{"start":{"line":16,"column":7},"end":{"line":21,"column":7}},"type":"binary-expr","locations":[{"start":{"line":16,"column":7},"end":{"line":16,"column":18}},{"start":{"line":17,"column":8},"end":{"line":20,"column":14}}],"line":16},"1":{"loc":{"start":{"line":24,"column":9},"end":{"line":24,"column":54}},"type":"cond-expr","locations":[{"start":{"line":24,"column":23},"end":{"line":24,"column":37}},{"start":{"line":24,"column":40},"end":{"line":24,"column":54}}],"line":24}},"s":{"0":6,"1":607,"2":607,"3":2,"4":607},"f":{"0":607,"1":2},"b":{"0":[607,2],"1":[2,605]},"_coverageSchema":"1a1c01bbd47fc00a2c39e90264f33305004495a9","hash":"af2533523997017d106f6a4e1aa353b7fa98fd2c"}
,"C:\\Users\\ivanc\\OneDrive\\Documents\\careerfoundry\\FULL-STACK-CLASS\\meet\\src\\components\\EventGenresChart.jsx": {"path":"C:\\Users\\ivanc\\OneDrive\\Documents\\careerfoundry\\FULL-STACK-CLASS\\meet\\src\\components\\EventGenresChart.jsx","statementMap":{"0":{"start":{"line":10,"column":25},"end":{"line":69,"column":1}},"1":{"start":{"line":11,"column":26},"end":{"line":11,"column":38}},"2":{"start":{"line":12,"column":17},"end":{"line":12,"column":88}},"3":{"start":{"line":12,"column":31},"end":{"line":12,"column":83}},"4":{"start":{"line":13,"column":17},"end":{"line":13,"column":91}},"5":{"start":{"line":13,"column":31},"end":{"line":13,"column":86}},"6":{"start":{"line":15,"column":2},"end":{"line":30,"column":23}},"7":{"start":{"line":16,"column":20},"end":{"line":27,"column":5}},"8":{"start":{"line":17,"column":19},"end":{"line":25,"column":8}},"9":{"start":{"line":18,"column":31},"end":{"line":20,"column":9}},"10":{"start":{"line":19,"column":10},"end":{"line":19,"column":67}},"11":{"start":{"line":21,"column":8},"end":{"line":24,"column":10}},"12":{"start":{"line":26,"column":6},"end":{"line":26,"column":18}},"13":{"start":{"line":29,"column":4},"end":{"line":29,"column":23}},"14":{"start":{"line":32,"column":32},"end":{"line":49,"column":3}},"15":{"start":{"line":33,"column":19},"end":{"line":33,"column":32}},"16":{"start":{"line":34,"column":19},"end":{"line":34,"column":30}},"17":{"start":{"line":35,"column":14},"end":{"line":35,"column":63}},"18":{"start":{"line":36,"column":14},"end":{"line":36,"column":63}},"19":{"start":{"line":38,"column":4},"end":{"line":48,"column":13}},"20":{"start":{"line":51,"column":2},"end":{"line":68,"column":4}},"21":{"start":{"line":62,"column":12},"end":{"line":62,"column":79}}},"fnMap":{"0":{"name":"(anonymous_0)","decl":{"start":{"line":10,"column":25},"end":{"line":10,"column":26}},"loc":{"start":{"line":10,"column":41},"end":{"line":69,"column":1}},"line":10},"1":{"name":"(anonymous_1)","decl":{"start":{"line":12,"column":25},"end":{"line":12,"column":26}},"loc":{"start":{"line":12,"column":31},"end":{"line":12,"column":83}},"line":12},"2":{"name":"(anonymous_2)","decl":{"start":{"line":13,"column":25},"end":{"line":13,"column":26}},"loc":{"start":{"line":13,"column":31},"end":{"line":13,"column":86}},"line":13},"3":{"name":"(anonymous_3)","decl":{"start":{"line":15,"column":12},"end":{"line":15,"column":13}},"loc":{"start":{"line":15,"column":18},"end":{"line":30,"column":3}},"line":15},"4":{"name":"(anonymous_4)","decl":{"start":{"line":16,"column":20},"end":{"line":16,"column":21}},"loc":{"start":{"line":16,"column":26},"end":{"line":27,"column":5}},"line":16},"5":{"name":"(anonymous_5)","decl":{"start":{"line":17,"column":30},"end":{"line":17,"column":31}},"loc":{"start":{"line":17,"column":41},"end":{"line":25,"column":7}},"line":17},"6":{"name":"(anonymous_6)","decl":{"start":{"line":18,"column":45},"end":{"line":18,"column":46}},"loc":{"start":{"line":19,"column":10},"end":{"line":19,"column":67}},"line":19},"7":{"name":"(anonymous_7)","decl":{"start":{"line":32,"column":32},"end":{"line":32,"column":33}},"loc":{"start":{"line":32,"column":87},"end":{"line":49,"column":3}},"line":32},"8":{"name":"(anonymous_8)","decl":{"start":{"line":61,"column":20},"end":{"line":61,"column":21}},"loc":{"start":{"line":62,"column":12},"end":{"line":62,"column":79}},"line":62}},"branchMap":{"0":{"loc":{"start":{"line":38,"column":11},"end":{"line":48,"column":12}},"type":"cond-expr","locations":[{"start":{"line":39,"column":6},"end":{"line":47,"column":13}},{"start":{"line":48,"column":8},"end":{"line":48,"column":12}}],"line":38},"1":{"loc":{"start":{"line":43,"column":20},"end":{"line":43,"column":44}},"type":"cond-expr","locations":[{"start":{"line":43,"column":29},"end":{"line":43,"column":36}},{"start":{"line":43,"column":39},"end":{"line":43,"column":44}}],"line":43}},"s":{"0":5,"1":57,"2":57,"3":10,"4":57,"5":10,"6":57,"7":22,"8":22,"9":110,"10":1385,"11":110,"12":22,"13":22,"14":57,"15":0,"16":0,"17":0,"18":0,"19":0,"20":57,"21":235},"f":{"0":57,"1":10,"2":10,"3":22,"4":22,"5":110,"6":1385,"7":0,"8":235},"b":{"0":[0,0],"1":[0,0]},"_coverageSchema":"1a1c01bbd47fc00a2c39e90264f33305004495a9","hash":"aadd0146e259d8e3cc2caa3ed484b15bf739897c"}
,"C:\\Users\\ivanc\\OneDrive\\Documents\\careerfoundry\\FULL-STACK-CLASS\\meet\\src\\components\\EventList.jsx": {"path":"C:\\Users\\ivanc\\OneDrive\\Documents\\careerfoundry\\FULL-STACK-CLASS\\meet\\src\\components\\EventList.jsx","statementMap":{"0":{"start":{"line":4,"column":18},"end":{"line":12,"column":1}},"1":{"start":{"line":5,"column":2},"end":{"line":11,"column":4}},"2":{"start":{"line":8,"column":32},"end":{"line":8,"column":70}}},"fnMap":{"0":{"name":"(anonymous_0)","decl":{"start":{"line":4,"column":18},"end":{"line":4,"column":19}},"loc":{"start":{"line":4,"column":34},"end":{"line":12,"column":1}},"line":4},"1":{"name":"(anonymous_1)","decl":{"start":{"line":8,"column":21},"end":{"line":8,"column":22}},"loc":{"start":{"line":8,"column":32},"end":{"line":8,"column":70}},"line":8}},"branchMap":{"0":{"loc":{"start":{"line":7,"column":7},"end":{"line":9,"column":14}},"type":"cond-expr","locations":[{"start":{"line":8,"column":10},"end":{"line":8,"column":71}},{"start":{"line":9,"column":10},"end":{"line":9,"column":14}}],"line":7}},"s":{"0":5,"1":38,"2":599},"f":{"0":38,"1":599},"b":{"0":[36,2]},"_coverageSchema":"1a1c01bbd47fc00a2c39e90264f33305004495a9","hash":"b644eb9d69fca6a053b8fcbf816818a57e481dda"}
,"C:\\Users\\ivanc\\OneDrive\\Documents\\careerfoundry\\FULL-STACK-CLASS\\meet\\src\\components\\NumberOfEvents.jsx": {"path":"C:\\Users\\ivanc\\OneDrive\\Documents\\careerfoundry\\FULL-STACK-CLASS\\meet\\src\\components\\NumberOfEvents.jsx","statementMap":{"0":{"start":{"line":3,"column":27},"end":{"line":32,"column":5}},"1":{"start":{"line":4,"column":34},"end":{"line":4,"column":46}},"2":{"start":{"line":6,"column":33},"end":{"line":18,"column":7}},"3":{"start":{"line":7,"column":22},"end":{"line":7,"column":40}},"4":{"start":{"line":8,"column":8},"end":{"line":8,"column":25}},"5":{"start":{"line":11,"column":8},"end":{"line":16,"column":9}},"6":{"start":{"line":12,"column":10},"end":{"line":12,"column":62}},"7":{"start":{"line":14,"column":10},"end":{"line":14,"column":25}},"8":{"start":{"line":15,"column":10},"end":{"line":15,"column":31}},"9":{"start":{"line":17,"column":8},"end":{"line":17,"column":33}},"10":{"start":{"line":20,"column":6},"end":{"line":31,"column":8}}},"fnMap":{"0":{"name":"(anonymous_0)","decl":{"start":{"line":3,"column":27},"end":{"line":3,"column":28}},"loc":{"start":{"line":3,"column":65},"end":{"line":32,"column":5}},"line":3},"1":{"name":"(anonymous_1)","decl":{"start":{"line":6,"column":33},"end":{"line":6,"column":34}},"loc":{"start":{"line":6,"column":44},"end":{"line":18,"column":7}},"line":6}},"branchMap":{"0":{"loc":{"start":{"line":11,"column":8},"end":{"line":16,"column":9}},"type":"if","locations":[{"start":{"line":11,"column":8},"end":{"line":16,"column":9}},{"start":{"line":13,"column":15},"end":{"line":16,"column":9}}],"line":11},"1":{"loc":{"start":{"line":11,"column":12},"end":{"line":11,"column":38}},"type":"binary-expr","locations":[{"start":{"line":11,"column":12},"end":{"line":11,"column":24}},{"start":{"line":11,"column":28},"end":{"line":11,"column":38}}],"line":11}},"s":{"0":6,"1":42,"2":42,"3":10,"4":10,"5":10,"6":3,"7":7,"8":7,"9":10,"10":42},"f":{"0":42,"1":10},"b":{"0":[3,7],"1":[10,10]},"_coverageSchema":"1a1c01bbd47fc00a2c39e90264f33305004495a9","hash":"f0af1ee01642d8d2d60c25f67cf24ac191e4e825"}
}
