{"C:\\Users\\ivanc\\OneDrive\\Documents\\careerfoundry\\meet\\src\\App.jsx": {"path":"C:\\Users\\ivanc\\OneDrive\\Documents\\careerfoundry\\meet\\src\\App.jsx","statementMap":{"0":{"start":{"line":9,"column":12},"end":{"line":36,"column":1}},"1":{"start":{"line":10,"column":30},"end":{"line":10,"column":42}},"2":{"start":{"line":11,"column":38},"end":{"line":11,"column":50}},"3":{"start":{"line":12,"column":42},"end":{"line":12,"column":54}},"4":{"start":{"line":13,"column":40},"end":{"line":13,"column":66}},"5":{"start":{"line":15,"column":2},"end":{"line":26,"column":32}},"6":{"start":{"line":16,"column":22},"end":{"line":23,"column":5}},"7":{"start":{"line":17,"column":24},"end":{"line":17,"column":41}},"8":{"start":{"line":18,"column":29},"end":{"line":20,"column":67}},"9":{"start":{"line":20,"column":36},"end":{"line":20,"column":66}},"10":{"start":{"line":21,"column":6},"end":{"line":21,"column":53}},"11":{"start":{"line":22,"column":6},"end":{"line":22,"column":51}},"12":{"start":{"line":25,"column":4},"end":{"line":25,"column":16}},"13":{"start":{"line":28,"column":2},"end":{"line":35,"column":4}}},"fnMap":{"0":{"name":"(anonymous_0)","decl":{"start":{"line":9,"column":12},"end":{"line":9,"column":13}},"loc":{"start":{"line":9,"column":18},"end":{"line":36,"column":1}},"line":9},"1":{"name":"(anonymous_1)","decl":{"start":{"line":15,"column":12},"end":{"line":15,"column":13}},"loc":{"start":{"line":15,"column":18},"end":{"line":26,"column":3}},"line":15},"2":{"name":"(anonymous_2)","decl":{"start":{"line":16,"column":22},"end":{"line":16,"column":23}},"loc":{"start":{"line":16,"column":34},"end":{"line":23,"column":5}},"line":16},"3":{"name":"(anonymous_3)","decl":{"start":{"line":20,"column":27},"end":{"line":20,"column":28}},"loc":{"start":{"line":20,"column":36},"end":{"line":20,"column":66}},"line":20}},"branchMap":{"0":{"loc":{"start":{"line":18,"column":29},"end":{"line":20,"column":67}},"type":"cond-expr","locations":[{"start":{"line":19,"column":10},"end":{"line":19,"column":19}},{"start":{"line":20,"column":10},"end":{"line":20,"column":67}}],"line":18}},"s":{"0":4,"1":31,"2":28,"3":28,"4":28,"5":28,"6":16,"7":16,"8":16,"9":32,"10":16,"11":16,"12":16,"13":28},"f":{"0":31,"1":16,"2":16,"3":32},"b":{"0":[15,1]},"_coverageSchema":"1a1c01bbd47fc00a2c39e90264f33305004495a9","hash":"9462f256f90c0c6284549db54650ecfa3b63c4b6"}
,"C:\\Users\\ivanc\\OneDrive\\Documents\\careerfoundry\\meet\\src\\api.js": {"path":"C:\\Users\\ivanc\\OneDrive\\Documents\\careerfoundry\\meet\\src\\api.js","statementMap":{"0":{"start":{"line":4,"column":20},"end":{"line":14,"column":1}},"1":{"start":{"line":6,"column":2},"end":{"line":13,"column":3}},"2":{"start":{"line":7,"column":4},"end":{"line":8,"column":88}},"3":{"start":{"line":9,"column":4},"end":{"line":9,"column":45}},"4":{"start":{"line":11,"column":4},"end":{"line":11,"column":68}},"5":{"start":{"line":12,"column":4},"end":{"line":12,"column":45}},"6":{"start":{"line":16,"column":17},"end":{"line":33,"column":1}},"7":{"start":{"line":17,"column":2},"end":{"line":32,"column":3}},"8":{"start":{"line":18,"column":23},"end":{"line":18,"column":47}},"9":{"start":{"line":19,"column":21},"end":{"line":21,"column":5}},"10":{"start":{"line":22,"column":4},"end":{"line":24,"column":5}},"11":{"start":{"line":23,"column":6},"end":{"line":23,"column":63}},"12":{"start":{"line":25,"column":29},"end":{"line":25,"column":50}},"13":{"start":{"line":26,"column":4},"end":{"line":28,"column":5}},"14":{"start":{"line":27,"column":6},"end":{"line":27,"column":57}},"15":{"start":{"line":29,"column":4},"end":{"line":29,"column":24}},"16":{"start":{"line":31,"column":4},"end":{"line":31,"column":25}},"17":{"start":{"line":35,"column":19},"end":{"line":41,"column":1}},"18":{"start":{"line":36,"column":19},"end":{"line":38,"column":3}},"19":{"start":{"line":39,"column":17},"end":{"line":39,"column":38}},"20":{"start":{"line":40,"column":2},"end":{"line":40,"column":16}},"21":{"start":{"line":43,"column":25},"end":{"line":61,"column":1}},"22":{"start":{"line":44,"column":2},"end":{"line":46,"column":3}},"23":{"start":{"line":45,"column":4},"end":{"line":45,"column":20}},"24":{"start":{"line":48,"column":16},"end":{"line":48,"column":38}},"25":{"start":{"line":50,"column":2},"end":{"line":59,"column":3}},"26":{"start":{"line":51,"column":4},"end":{"line":51,"column":18}},"27":{"start":{"line":53,"column":6},"end":{"line":53,"column":99}},"28":{"start":{"line":54,"column":21},"end":{"line":54,"column":37}},"29":{"start":{"line":55,"column":19},"end":{"line":55,"column":40}},"30":{"start":{"line":56,"column":4},"end":{"line":58,"column":23}},"31":{"start":{"line":57,"column":6},"end":{"line":57,"column":27}},"32":{"start":{"line":58,"column":11},"end":{"line":58,"column":23}},"33":{"start":{"line":60,"column":2},"end":{"line":60,"column":14}},"34":{"start":{"line":63,"column":32},"end":{"line":67,"column":1}},"35":{"start":{"line":64,"column":29},"end":{"line":64,"column":66}},"36":{"start":{"line":64,"column":51},"end":{"line":64,"column":65}},"37":{"start":{"line":65,"column":20},"end":{"line":65,"column":52}},"38":{"start":{"line":66,"column":2},"end":{"line":66,"column":19}},"39":{"start":{"line":69,"column":30},"end":{"line":88,"column":1}},"40":{"start":{"line":70,"column":22},"end":{"line":70,"column":58}},"41":{"start":{"line":71,"column":21},"end":{"line":71,"column":67}},"42":{"start":{"line":73,"column":2},"end":{"line":86,"column":3}},"43":{"start":{"line":74,"column":4},"end":{"line":74,"column":50}},"44":{"start":{"line":75,"column":25},"end":{"line":75,"column":68}},"45":{"start":{"line":76,"column":17},"end":{"line":76,"column":47}},"46":{"start":{"line":77,"column":4},"end":{"line":84,"column":5}},"47":{"start":{"line":78,"column":23},"end":{"line":80,"column":7}},"48":{"start":{"line":81,"column":21},"end":{"line":81,"column":42}},"49":{"start":{"line":82,"column":26},"end":{"line":82,"column":32}},"50":{"start":{"line":83,"column":6},"end":{"line":83,"column":46}},"51":{"start":{"line":85,"column":4},"end":{"line":85,"column":34}},"52":{"start":{"line":87,"column":2},"end":{"line":87,"column":21}}},"fnMap":{"0":{"name":"(anonymous_0)","decl":{"start":{"line":4,"column":20},"end":{"line":4,"column":21}},"loc":{"start":{"line":4,"column":26},"end":{"line":14,"column":1}},"line":4},"1":{"name":"(anonymous_1)","decl":{"start":{"line":16,"column":17},"end":{"line":16,"column":18}},"loc":{"start":{"line":16,"column":33},"end":{"line":33,"column":1}},"line":16},"2":{"name":"(anonymous_2)","decl":{"start":{"line":35,"column":19},"end":{"line":35,"column":20}},"loc":{"start":{"line":35,"column":42},"end":{"line":41,"column":1}},"line":35},"3":{"name":"(anonymous_3)","decl":{"start":{"line":43,"column":25},"end":{"line":43,"column":26}},"loc":{"start":{"line":43,"column":37},"end":{"line":61,"column":1}},"line":43},"4":{"name":"(anonymous_4)","decl":{"start":{"line":63,"column":32},"end":{"line":63,"column":33}},"loc":{"start":{"line":63,"column":44},"end":{"line":67,"column":1}},"line":63},"5":{"name":"(anonymous_5)","decl":{"start":{"line":64,"column":40},"end":{"line":64,"column":41}},"loc":{"start":{"line":64,"column":51},"end":{"line":64,"column":65}},"line":64},"6":{"name":"(anonymous_6)","decl":{"start":{"line":69,"column":30},"end":{"line":69,"column":31}},"loc":{"start":{"line":69,"column":42},"end":{"line":88,"column":1}},"line":69}},"branchMap":{"0":{"loc":{"start":{"line":6,"column":2},"end":{"line":13,"column":3}},"type":"if","locations":[{"start":{"line":6,"column":2},"end":{"line":13,"column":3}},{"start":{"line":10,"column":9},"end":{"line":13,"column":3}}],"line":6},"1":{"loc":{"start":{"line":6,"column":6},"end":{"line":6,"column":58}},"type":"binary-expr","locations":[{"start":{"line":6,"column":6},"end":{"line":6,"column":30}},{"start":{"line":6,"column":34},"end":{"line":6,"column":58}}],"line":6},"2":{"loc":{"start":{"line":22,"column":4},"end":{"line":24,"column":5}},"type":"if","locations":[{"start":{"line":22,"column":4},"end":{"line":24,"column":5}},{"start":{},"end":{}}],"line":22},"3":{"loc":{"start":{"line":26,"column":4},"end":{"line":28,"column":5}},"type":"if","locations":[{"start":{"line":26,"column":4},"end":{"line":28,"column":5}},{"start":{},"end":{}}],"line":26},"4":{"loc":{"start":{"line":44,"column":2},"end":{"line":46,"column":3}},"type":"if","locations":[{"start":{"line":44,"column":2},"end":{"line":46,"column":3}},{"start":{},"end":{}}],"line":44},"5":{"loc":{"start":{"line":50,"column":2},"end":{"line":59,"column":3}},"type":"if","locations":[{"start":{"line":50,"column":2},"end":{"line":59,"column":3}},{"start":{},"end":{}}],"line":50},"6":{"loc":{"start":{"line":56,"column":4},"end":{"line":58,"column":23}},"type":"if","locations":[{"start":{"line":56,"column":4},"end":{"line":58,"column":23}},{"start":{"line":58,"column":11},"end":{"line":58,"column":23}}],"line":56},"7":{"loc":{"start":{"line":71,"column":21},"end":{"line":71,"column":67}},"type":"binary-expr","locations":[{"start":{"line":71,"column":21},"end":{"line":71,"column":32}},{"start":{"line":71,"column":37},"end":{"line":71,"column":66}}],"line":71},"8":{"loc":{"start":{"line":73,"column":2},"end":{"line":86,"column":3}},"type":"if","locations":[{"start":{"line":73,"column":2},"end":{"line":86,"column":3}},{"start":{},"end":{}}],"line":73},"9":{"loc":{"start":{"line":73,"column":6},"end":{"line":73,"column":38}},"type":"binary-expr","locations":[{"start":{"line":73,"column":6},"end":{"line":73,"column":18}},{"start":{"line":73,"column":22},"end":{"line":73,"column":38}}],"line":73},"10":{"loc":{"start":{"line":77,"column":4},"end":{"line":84,"column":5}},"type":"if","locations":[{"start":{"line":77,"column":4},"end":{"line":84,"column":5}},{"start":{},"end":{}}],"line":77},"11":{"loc":{"start":{"line":85,"column":11},"end":{"line":85,"column":33}},"type":"binary-expr","locations":[{"start":{"line":85,"column":11},"end":{"line":85,"column":15}},{"start":{"line":85,"column":19},"end":{"line":85,"column":33}}],"line":85}},"s":{"0":5,"1":0,"2":0,"3":0,"4":0,"5":0,"6":5,"7":0,"8":0,"9":0,"10":0,"11":0,"12":0,"13":0,"14":0,"15":0,"16":0,"17":5,"18":0,"19":0,"20":0,"21":5,"22":20,"23":20,"24":0,"25":0,"26":0,"27":0,"28":0,"29":0,"30":0,"31":0,"32":0,"33":0,"34":5,"35":18,"36":576,"37":18,"38":18,"39":5,"40":0,"41":0,"42":0,"43":0,"44":0,"45":0,"46":0,"47":0,"48":0,"49":0,"50":0,"51":0,"52":0},"f":{"0":0,"1":0,"2":0,"3":20,"4":18,"5":576,"6":0},"b":{"0":[0,0],"1":[0,0],"2":[0,0],"3":[0,0],"4":[20,0],"5":[0,0],"6":[0,0],"7":[0,0],"8":[0,0],"9":[0,0],"10":[0,0],"11":[0,0]},"_coverageSchema":"1a1c01bbd47fc00a2c39e90264f33305004495a9","hash":"17ad360a61a0bc084365c6e73bf9caac9d292223"}
,"C:\\Users\\ivanc\\OneDrive\\Documents\\careerfoundry\\meet\\src\\mock-data.js": {"path":"C:\\Users\\ivanc\\OneDrive\\Documents\\careerfoundry\\meet\\src\\mock-data.js","statementMap":{"0":{"start":{"line":1,"column":17},"end":{"line":59,"column":1}},"1":{"start":{"line":39,"column":45},"end":{"line":58,"column":5}}},"fnMap":{"0":{"name":"(anonymous_0)","decl":{"start":{"line":39,"column":34},"end":{"line":39,"column":35}},"loc":{"start":{"line":39,"column":45},"end":{"line":58,"column":5}},"line":39}},"branchMap":{},"s":{"0":6,"1":180},"f":{"0":180},"b":{},"_coverageSchema":"1a1c01bbd47fc00a2c39e90264f33305004495a9","hash":"b2702f1714d0731b30aee07a44c47077572fb6e3"}
,"C:\\Users\\ivanc\\OneDrive\\Documents\\careerfoundry\\meet\\src\\components\\CitySearch.jsx": {"path":"C:\\Users\\ivanc\\OneDrive\\Documents\\careerfoundry\\meet\\src\\components\\CitySearch.jsx","statementMap":{"0":{"start":{"line":3,"column":19},"end":{"line":57,"column":1}},"1":{"start":{"line":4,"column":48},"end":{"line":4,"column":63}},"2":{"start":{"line":5,"column":28},"end":{"line":5,"column":40}},"3":{"start":{"line":6,"column":40},"end":{"line":6,"column":52}},"4":{"start":{"line":8,"column":2},"end":{"line":10,"column":21}},"5":{"start":{"line":9,"column":4},"end":{"line":9,"column":33}},"6":{"start":{"line":12,"column":29},"end":{"line":22,"column":3}},"7":{"start":{"line":13,"column":18},"end":{"line":13,"column":36}},"8":{"start":{"line":14,"column":30},"end":{"line":18,"column":10}},"9":{"start":{"line":16,"column":10},"end":{"line":16,"column":74}},"10":{"start":{"line":20,"column":4},"end":{"line":20,"column":20}},"11":{"start":{"line":21,"column":4},"end":{"line":21,"column":38}},"12":{"start":{"line":24,"column":28},"end":{"line":29,"column":3}},"13":{"start":{"line":25,"column":18},"end":{"line":25,"column":42}},"14":{"start":{"line":26,"column":4},"end":{"line":26,"column":20}},"15":{"start":{"line":27,"column":4},"end":{"line":27,"column":30}},"16":{"start":{"line":28,"column":4},"end":{"line":28,"column":26}},"17":{"start":{"line":31,"column":2},"end":{"line":56,"column":4}},"18":{"start":{"line":38,"column":23},"end":{"line":38,"column":47}},"19":{"start":{"line":44,"column":12},"end":{"line":48,"column":14}}},"fnMap":{"0":{"name":"(anonymous_0)","decl":{"start":{"line":3,"column":19},"end":{"line":3,"column":20}},"loc":{"start":{"line":3,"column":57},"end":{"line":57,"column":1}},"line":3},"1":{"name":"(anonymous_1)","decl":{"start":{"line":8,"column":12},"end":{"line":8,"column":13}},"loc":{"start":{"line":8,"column":18},"end":{"line":10,"column":3}},"line":8},"2":{"name":"(anonymous_2)","decl":{"start":{"line":12,"column":29},"end":{"line":12,"column":30}},"loc":{"start":{"line":12,"column":40},"end":{"line":22,"column":3}},"line":12},"3":{"name":"(anonymous_3)","decl":{"start":{"line":15,"column":28},"end":{"line":15,"column":29}},"loc":{"start":{"line":15,"column":42},"end":{"line":17,"column":9}},"line":15},"4":{"name":"(anonymous_4)","decl":{"start":{"line":24,"column":28},"end":{"line":24,"column":29}},"loc":{"start":{"line":24,"column":39},"end":{"line":29,"column":3}},"line":24},"5":{"name":"(anonymous_5)","decl":{"start":{"line":38,"column":17},"end":{"line":38,"column":18}},"loc":{"start":{"line":38,"column":23},"end":{"line":38,"column":47}},"line":38},"6":{"name":"(anonymous_6)","decl":{"start":{"line":43,"column":27},"end":{"line":43,"column":28}},"loc":{"start":{"line":43,"column":43},"end":{"line":49,"column":11}},"line":43}},"branchMap":{"0":{"loc":{"start":{"line":14,"column":30},"end":{"line":18,"column":10}},"type":"cond-expr","locations":[{"start":{"line":15,"column":8},"end":{"line":17,"column":10}},{"start":{"line":18,"column":8},"end":{"line":18,"column":10}}],"line":14},"1":{"loc":{"start":{"line":41,"column":7},"end":{"line":54,"column":14}},"type":"cond-expr","locations":[{"start":{"line":42,"column":8},"end":{"line":53,"column":13}},{"start":{"line":54,"column":10},"end":{"line":54,"column":14}}],"line":41}},"s":{"0":5,"1":86,"2":86,"3":86,"4":86,"5":28,"6":86,"7":18,"8":18,"9":36,"10":18,"11":18,"12":86,"13":2,"14":2,"15":2,"16":2,"17":86,"18":4,"19":24},"f":{"0":86,"1":28,"2":18,"3":36,"4":2,"5":4,"6":24},"b":{"0":[18,0],"1":[22,64]},"_coverageSchema":"1a1c01bbd47fc00a2c39e90264f33305004495a9","hash":"224c02392e1e320612e22542738b9ee783f9378e"}
,"C:\\Users\\ivanc\\OneDrive\\Documents\\careerfoundry\\meet\\src\\components\\Event.jsx": {"path":"C:\\Users\\ivanc\\OneDrive\\Documents\\careerfoundry\\meet\\src\\components\\Event.jsx","statementMap":{"0":{"start":{"line":3,"column":14},"end":{"line":28,"column":1}},"1":{"start":{"line":4,"column":40},"end":{"line":4,"column":55}},"2":{"start":{"line":6,"column":30},"end":{"line":8,"column":3}},"3":{"start":{"line":7,"column":4},"end":{"line":7,"column":33}},"4":{"start":{"line":10,"column":2},"end":{"line":27,"column":4}}},"fnMap":{"0":{"name":"(anonymous_0)","decl":{"start":{"line":3,"column":14},"end":{"line":3,"column":15}},"loc":{"start":{"line":3,"column":29},"end":{"line":28,"column":1}},"line":3},"1":{"name":"(anonymous_1)","decl":{"start":{"line":6,"column":30},"end":{"line":6,"column":31}},"loc":{"start":{"line":6,"column":36},"end":{"line":8,"column":3}},"line":6}},"branchMap":{"0":{"loc":{"start":{"line":16,"column":7},"end":{"line":21,"column":7}},"type":"binary-expr","locations":[{"start":{"line":16,"column":7},"end":{"line":16,"column":18}},{"start":{"line":17,"column":8},"end":{"line":20,"column":14}}],"line":16},"1":{"loc":{"start":{"line":24,"column":9},"end":{"line":24,"column":54}},"type":"cond-expr","locations":[{"start":{"line":24,"column":23},"end":{"line":24,"column":37}},{"start":{"line":24,"column":40},"end":{"line":24,"column":54}}],"line":24}},"s":{"0":5,"1":287,"2":287,"3":2,"4":287},"f":{"0":287,"1":2},"b":{"0":[287,2],"1":[2,285]},"_coverageSchema":"1a1c01bbd47fc00a2c39e90264f33305004495a9","hash":"ade61a7fb327e029d3a1743c9d0826e22cc8e49c"}
,"C:\\Users\\ivanc\\OneDrive\\Documents\\careerfoundry\\meet\\src\\components\\EventList.jsx": {"path":"C:\\Users\\ivanc\\OneDrive\\Documents\\careerfoundry\\meet\\src\\components\\EventList.jsx","statementMap":{"0":{"start":{"line":4,"column":18},"end":{"line":12,"column":1}},"1":{"start":{"line":5,"column":2},"end":{"line":11,"column":4}},"2":{"start":{"line":8,"column":32},"end":{"line":8,"column":70}}},"fnMap":{"0":{"name":"(anonymous_0)","decl":{"start":{"line":4,"column":18},"end":{"line":4,"column":19}},"loc":{"start":{"line":4,"column":34},"end":{"line":12,"column":1}},"line":4},"1":{"name":"(anonymous_1)","decl":{"start":{"line":8,"column":21},"end":{"line":8,"column":22}},"loc":{"start":{"line":8,"column":32},"end":{"line":8,"column":70}},"line":8}},"branchMap":{"0":{"loc":{"start":{"line":7,"column":7},"end":{"line":9,"column":14}},"type":"cond-expr","locations":[{"start":{"line":8,"column":10},"end":{"line":8,"column":71}},{"start":{"line":9,"column":10},"end":{"line":9,"column":14}}],"line":7}},"s":{"0":4,"1":31,"2":279},"f":{"0":31,"1":279},"b":{"0":[29,2]},"_coverageSchema":"1a1c01bbd47fc00a2c39e90264f33305004495a9","hash":"062960829f7619b6b4963849adee6213f0ddaa73"}
,"C:\\Users\\ivanc\\OneDrive\\Documents\\careerfoundry\\meet\\src\\components\\NumberOfEvents.jsx": {"path":"C:\\Users\\ivanc\\OneDrive\\Documents\\careerfoundry\\meet\\src\\components\\NumberOfEvents.jsx","statementMap":{"0":{"start":{"line":4,"column":23},"end":{"line":31,"column":1}},"1":{"start":{"line":5,"column":30},"end":{"line":5,"column":42}},"2":{"start":{"line":7,"column":28},"end":{"line":17,"column":3}},"3":{"start":{"line":8,"column":18},"end":{"line":8,"column":36}},"4":{"start":{"line":10,"column":4},"end":{"line":16,"column":5}},"5":{"start":{"line":11,"column":6},"end":{"line":11,"column":19}},"6":{"start":{"line":12,"column":6},"end":{"line":12,"column":23}},"7":{"start":{"line":14,"column":6},"end":{"line":14,"column":23}},"8":{"start":{"line":15,"column":6},"end":{"line":15,"column":27}},"9":{"start":{"line":19,"column":2},"end":{"line":30,"column":4}}},"fnMap":{"0":{"name":"(anonymous_0)","decl":{"start":{"line":4,"column":23},"end":{"line":4,"column":24}},"loc":{"start":{"line":4,"column":46},"end":{"line":31,"column":1}},"line":4},"1":{"name":"(anonymous_1)","decl":{"start":{"line":7,"column":28},"end":{"line":7,"column":29}},"loc":{"start":{"line":7,"column":39},"end":{"line":17,"column":3}},"line":7}},"branchMap":{"0":{"loc":{"start":{"line":10,"column":4},"end":{"line":16,"column":5}},"type":"if","locations":[{"start":{"line":10,"column":4},"end":{"line":16,"column":5}},{"start":{"line":13,"column":11},"end":{"line":16,"column":5}}],"line":10},"1":{"loc":{"start":{"line":10,"column":8},"end":{"line":10,"column":33}},"type":"binary-expr","locations":[{"start":{"line":10,"column":8},"end":{"line":10,"column":20}},{"start":{"line":10,"column":24},"end":{"line":10,"column":33}}],"line":10}},"s":{"0":5,"1":34,"2":34,"3":9,"4":9,"5":0,"6":0,"7":9,"8":9,"9":34},"f":{"0":34,"1":9},"b":{"0":[0,9],"1":[9,9]},"_coverageSchema":"1a1c01bbd47fc00a2c39e90264f33305004495a9","hash":"947a1d6dd988cd6c05da564c068f4caddc6ff3d5"}
}
