TN:
SF:src\App.jsx
FN:22,(anonymous_0)
FN:27,(anonymous_1)
FN:31,(anonymous_2)
FN:40,(anonymous_3)
FN:45,(anonymous_4)
FN:58,(anonymous_5)
FN:62,(anonymous_6)
FN:66,(anonymous_7)
FN:79,(anonymous_8)
FN:83,(anonymous_9)
FNF:10
FNH:9
FNDA:10,(anonymous_0)
FNDA:10,(anonymous_1)
FNDA:0,(anonymous_2)
FNDA:15,(anonymous_3)
FNDA:32,(anonymous_4)
FNDA:1,(anonymous_5)
FNDA:4,(anonymous_6)
FNDA:35,(anonymous_7)
FNDA:7,(anonymous_8)
FNDA:6,(anonymous_9)
DA:12,10
DA:23,10
DA:24,10
DA:28,10
DA:31,10
DA:32,0
DA:33,0
DA:35,0
DA:37,0
DA:40,10
DA:41,15
DA:43,15
DA:45,32
DA:46,15
DA:51,15
DA:52,0
DA:54,15
DA:58,10
DA:59,1
DA:62,10
DA:63,4
DA:67,35
DA:68,35
DA:79,7
DA:83,6
LF:25
LH:20
BRDA:32,0,0,0
BRDA:32,0,1,0
BRDA:43,1,0,14
BRDA:43,1,1,1
BRDA:51,2,0,0
BRDA:51,2,1,15
BRDA:71,3,0,35
BRDA:71,3,1,0
BRDA:72,4,0,35
BRDA:72,4,1,4
BRDA:73,5,0,35
BRDA:73,5,1,0
BRF:12
BRH:7
end_of_record
TN:
SF:src\api.js
FN:3,(anonymous_0)
FN:10,(anonymous_1)
FN:30,(anonymous_2)
FN:46,(anonymous_3)
FN:71,(anonymous_4)
FN:99,(anonymous_5)
FN:101,(anonymous_6)
FNF:7
FNH:3
FNDA:0,(anonymous_0)
FNDA:0,(anonymous_1)
FNDA:0,(anonymous_2)
FNDA:0,(anonymous_3)
FNDA:20,(anonymous_4)
FNDA:18,(anonymous_5)
FNDA:576,(anonymous_6)
DA:3,5
DA:4,0
DA:5,0
DA:6,0
DA:10,5
DA:11,0
DA:12,0
DA:13,0
DA:16,0
DA:17,0
DA:19,0
DA:20,0
DA:21,0
DA:23,0
DA:25,0
DA:26,0
DA:30,5
DA:31,0
DA:32,0
DA:35,0
DA:36,0
DA:38,0
DA:39,0
DA:41,0
DA:42,0
DA:46,5
DA:47,0
DA:48,0
DA:50,0
DA:51,0
DA:52,0
DA:53,0
DA:54,0
DA:55,0
DA:56,0
DA:57,0
DA:58,0
DA:59,0
DA:60,0
DA:62,0
DA:63,0
DA:66,0
DA:68,0
DA:71,5
DA:73,20
DA:74,20
DA:78,0
DA:79,0
DA:80,0
DA:83,0
DA:85,0
DA:86,0
DA:87,0
DA:88,0
DA:89,0
DA:90,0
DA:92,0
DA:93,0
DA:94,0
DA:96,0
DA:99,5
DA:100,18
DA:101,576
DA:102,18
DA:103,18
LF:65
LH:12
BRDA:4,0,0,0
BRDA:4,0,1,0
BRDA:4,1,0,0
BRDA:4,1,1,0
BRDA:16,2,0,0
BRDA:16,2,1,0
BRDA:20,3,0,0
BRDA:20,3,1,0
BRDA:35,4,0,0
BRDA:35,4,1,0
BRDA:48,5,0,0
BRDA:48,5,1,0
BRDA:50,6,0,0
BRDA:50,6,1,0
BRDA:50,7,0,0
BRDA:50,7,1,0
BRDA:54,8,0,0
BRDA:54,8,1,0
BRDA:66,9,0,0
BRDA:66,9,1,0
BRDA:73,10,0,20
BRDA:73,10,1,0
BRDA:78,11,0,0
BRDA:78,11,1,0
BRDA:80,12,0,0
BRDA:80,12,1,0
BRDA:85,13,0,0
BRDA:85,13,1,0
BRDA:90,14,0,0
BRDA:90,14,1,0
BRDA:100,15,0,0
BRDA:100,15,1,18
BRDA:100,16,0,18
BRDA:100,16,1,18
BRF:34
BRH:4
end_of_record
TN:
SF:src\mock-data.js
FN:39,(anonymous_0)
FNF:1
FNH:1
FNDA:180,(anonymous_0)
DA:1,6
DA:39,180
LF:2
LH:2
BRF:0
BRH:0
end_of_record
TN:
SF:src\components\Alert.jsx
FN:4,(anonymous_0)
FN:10,(anonymous_1)
FN:26,(anonymous_2)
FN:36,(anonymous_3)
FN:44,(anonymous_4)
FN:53,(anonymous_5)
FNF:6
FNH:4
FNDA:2,(anonymous_0)
FNDA:4,(anonymous_1)
FNDA:4,(anonymous_2)
FNDA:0,(anonymous_3)
FNDA:2,(anonymous_4)
FNDA:0,(anonymous_5)
DA:5,2
DA:6,2
DA:7,2
DA:10,2
DA:11,4
DA:27,4
DA:37,0
DA:38,0
DA:39,0
DA:45,2
DA:46,2
DA:47,2
DA:54,0
DA:55,0
DA:56,0
LF:15
LH:9
BRF:0
BRH:0
end_of_record
TN:
SF:src\components\CityEventsChart.jsx
FN:11,(anonymous_0)
FN:14,(anonymous_1)
FN:15,(anonymous_2)
FN:16,(anonymous_3)
FN:17,(anonymous_4)
FNF:5
FNH:5
FNDA:57,(anonymous_0)
FNDA:22,(anonymous_1)
FNDA:22,(anonymous_2)
FNDA:24,(anonymous_3)
FNDA:554,(anonymous_4)
DA:11,5
DA:12,57
DA:14,57
DA:15,22
DA:16,22
DA:17,554
DA:18,24
DA:19,24
DA:21,22
DA:24,22
DA:27,57
LF:11
LH:11
BRF:0
BRH:0
end_of_record
TN:
SF:src\components\CitySearch.jsx
FN:3,(anonymous_0)
FN:8,(anonymous_1)
FN:12,(anonymous_2)
FN:14,(anonymous_3)
FN:30,(anonymous_4)
FN:45,(anonymous_5)
FN:50,(anonymous_6)
FNF:7
FNH:7
FNDA:89,(anonymous_0)
FNDA:29,(anonymous_1)
FNDA:18,(anonymous_2)
FNDA:36,(anonymous_3)
FNDA:2,(anonymous_4)
FNDA:5,(anonymous_5)
FNDA:26,(anonymous_6)
DA:3,5
DA:4,89
DA:5,89
DA:6,89
DA:8,89
DA:9,29
DA:12,89
DA:13,18
DA:14,18
DA:15,36
DA:18,18
DA:19,18
DA:22,18
DA:23,0
DA:25,18
DA:27,18
DA:30,89
DA:31,2
DA:32,2
DA:33,2
DA:34,2
DA:35,2
DA:38,89
DA:45,5
DA:51,26
LF:25
LH:24
BRDA:14,0,0,18
BRDA:14,0,1,0
BRDA:22,1,0,0
BRDA:22,1,1,18
BRDA:48,2,0,24
BRDA:48,2,1,65
BRF:6
BRH:4
end_of_record
TN:
SF:src\components\Event.jsx
FN:3,(anonymous_0)
FN:6,(anonymous_1)
FNF:2
FNH:2
FNDA:607,(anonymous_0)
FNDA:2,(anonymous_1)
DA:3,6
DA:4,607
DA:6,607
DA:7,2
DA:10,607
LF:5
LH:5
BRDA:16,0,0,607
BRDA:16,0,1,2
BRDA:24,1,0,2
BRDA:24,1,1,605
BRF:4
BRH:4
end_of_record
TN:
SF:src\components\EventGenresChart.jsx
FN:10,(anonymous_0)
FN:12,(anonymous_1)
FN:13,(anonymous_2)
FN:15,(anonymous_3)
FN:16,(anonymous_4)
FN:17,(anonymous_5)
FN:18,(anonymous_6)
FN:32,(anonymous_7)
FN:61,(anonymous_8)
FNF:9
FNH:8
FNDA:57,(anonymous_0)
FNDA:10,(anonymous_1)
FNDA:10,(anonymous_2)
FNDA:22,(anonymous_3)
FNDA:22,(anonymous_4)
FNDA:110,(anonymous_5)
FNDA:1385,(anonymous_6)
FNDA:0,(anonymous_7)
FNDA:235,(anonymous_8)
DA:10,5
DA:11,57
DA:12,57
DA:13,57
DA:15,57
DA:16,22
DA:17,22
DA:18,110
DA:19,1385
DA:21,110
DA:26,22
DA:29,22
DA:32,57
DA:33,0
DA:34,0
DA:35,0
DA:36,0
DA:38,0
DA:51,57
DA:62,235
LF:20
LH:15
BRDA:38,0,0,0
BRDA:38,0,1,0
BRDA:43,1,0,0
BRDA:43,1,1,0
BRF:4
BRH:0
end_of_record
TN:
SF:src\components\EventList.jsx
FN:4,(anonymous_0)
FN:8,(anonymous_1)
FNF:2
FNH:2
FNDA:38,(anonymous_0)
FNDA:599,(anonymous_1)
DA:4,5
DA:5,38
DA:8,599
LF:3
LH:3
BRDA:7,0,0,36
BRDA:7,0,1,2
BRF:2
BRH:2
end_of_record
TN:
SF:src\components\NumberOfEvents.jsx
FN:3,(anonymous_0)
FN:6,(anonymous_1)
FNF:2
FNH:2
FNDA:42,(anonymous_0)
FNDA:10,(anonymous_1)
DA:3,6
DA:4,42
DA:6,42
DA:7,10
DA:8,10
DA:11,10
DA:12,3
DA:14,7
DA:15,7
DA:17,10
DA:20,42
LF:11
LH:11
BRDA:11,0,0,3
BRDA:11,0,1,7
BRDA:11,1,0,10
BRDA:11,1,1,10
BRF:4
BRH:4
end_of_record
