TN:
SF:src\App.jsx
FN:9,(anonymous_0)
FN:15,(anonymous_1)
FN:16,(anonymous_2)
FN:20,(anonymous_3)
FNF:4
FNH:3
FNDA:2,(anonymous_0)
FNDA:1,(anonymous_1)
FNDA:1,(anonymous_2)
FNDA:0,(anonymous_3)
DA:9,1
DA:10,2
DA:11,1
DA:12,1
DA:13,1
DA:15,1
DA:16,1
DA:17,1
DA:18,1
DA:20,0
DA:21,1
DA:22,1
DA:25,1
DA:28,1
LF:14
LH:13
BRDA:18,0,0,1
BRDA:18,0,1,0
BRF:2
BRH:1
end_of_record
TN:
SF:src\api.js
FN:8,(anonymous_0)
FN:9,(anonymous_1)
FN:14,(anonymous_2)
FNF:3
FNH:3
FNDA:3,(anonymous_0)
FNDA:6,(anonymous_1)
FNDA:3,(anonymous_2)
DA:8,2
DA:9,6
DA:10,3
DA:11,3
DA:14,2
DA:15,3
LF:6
LH:6
BRF:0
BRH:0
end_of_record
TN:
SF:src\mock-data.js
FNF:0
FNH:0
DA:3,3
LF:1
LH:1
BRF:0
BRH:0
end_of_record
TN:
SF:src\components\CitySearch.jsx
FN:3,(anonymous_0)
FN:8,(anonymous_1)
FN:12,(anonymous_2)
FN:15,(anonymous_3)
FN:24,(anonymous_4)
FN:38,(anonymous_5)
FN:43,(anonymous_6)
FNF:7
FNH:7
FNDA:32,(anonymous_0)
FNDA:8,(anonymous_1)
FNDA:12,(anonymous_2)
FNDA:24,(anonymous_3)
FNDA:1,(anonymous_4)
FNDA:3,(anonymous_5)
FNDA:16,(anonymous_6)
DA:3,2
DA:4,32
DA:5,32
DA:6,32
DA:8,32
DA:9,8
DA:12,32
DA:13,12
DA:14,12
DA:16,24
DA:20,12
DA:21,12
DA:24,32
DA:25,1
DA:26,1
DA:27,1
DA:28,1
DA:31,32
DA:38,3
DA:44,16
LF:20
LH:20
BRDA:14,0,0,12
BRDA:14,0,1,0
BRDA:41,1,0,15
BRDA:41,1,1,17
BRF:4
BRH:3
end_of_record
TN:
SF:src\components\Event.jsx
FN:3,(anonymous_0)
FN:6,(anonymous_1)
FNF:2
FNH:2
FNDA:7,(anonymous_0)
FNDA:1,(anonymous_1)
DA:3,1
DA:4,7
DA:6,7
DA:7,1
DA:10,7
LF:5
LH:5
BRDA:16,0,0,7
BRDA:16,0,1,1
BRDA:24,1,0,1
BRDA:24,1,1,6
BRF:4
BRH:4
end_of_record
TN:
SF:src\components\EventList.jsx
FN:2,(anonymous_0)
FNF:1
FNH:1
FNDA:1,(anonymous_0)
DA:2,1
DA:3,1
LF:2
LH:2
BRF:0
BRH:0
end_of_record
TN:
SF:src\components\NumberOfEvents.jsx
FN:4,(anonymous_0)
FN:9,(anonymous_1)
FNF:2
FNH:2
FNDA:7,(anonymous_0)
FNDA:3,(anonymous_1)
DA:4,2
DA:6,7
DA:9,7
DA:10,3
DA:11,3
DA:13,3
DA:16,7
LF:7
LH:7
BRF:0
BRH:0
end_of_record
